mode: set
projek/todo/delivery/controller/projek/projek.go:23.100,28.2 1 1
projek/todo/delivery/controller/projek/projek.go:31.60,32.36 1 1
projek/todo/delivery/controller/projek/projek.go:32.36,34.41 2 1
projek/todo/delivery/controller/projek/projek.go:39.3,39.49 1 1
projek/todo/delivery/controller/projek/projek.go:43.3,51.23 4 1
projek/todo/delivery/controller/projek/projek.go:55.3,55.67 1 1
projek/todo/delivery/controller/projek/projek.go:34.41,37.4 2 1
projek/todo/delivery/controller/projek/projek.go:39.49,42.4 2 1
projek/todo/delivery/controller/projek/projek.go:51.23,54.4 2 1
projek/todo/delivery/controller/projek/projek.go:59.60,60.36 1 1
projek/todo/delivery/controller/projek/projek.go:60.36,64.17 3 1
projek/todo/delivery/controller/projek/projek.go:68.3,68.63 1 1
projek/todo/delivery/controller/projek/projek.go:64.17,67.4 2 1
projek/todo/delivery/controller/projek/projek.go:72.59,73.36 1 1
projek/todo/delivery/controller/projek/projek.go:73.36,77.17 3 1
projek/todo/delivery/controller/projek/projek.go:81.3,83.17 3 1
projek/todo/delivery/controller/projek/projek.go:87.3,87.62 1 1
projek/todo/delivery/controller/projek/projek.go:77.17,80.4 2 1
projek/todo/delivery/controller/projek/projek.go:83.17,86.4 2 1
projek/todo/delivery/controller/projek/projek.go:91.60,92.36 1 1
projek/todo/delivery/controller/projek/projek.go:92.36,95.17 3 1
projek/todo/delivery/controller/projek/projek.go:99.3,100.41 2 1
projek/todo/delivery/controller/projek/projek.go:104.3,113.25 4 1
projek/todo/delivery/controller/projek/projek.go:117.3,117.61 1 1
projek/todo/delivery/controller/projek/projek.go:95.17,98.4 2 1
projek/todo/delivery/controller/projek/projek.go:100.41,102.4 1 1
projek/todo/delivery/controller/projek/projek.go:113.25,116.4 2 1
projek/todo/delivery/controller/projek/projek.go:120.60,121.36 1 1
projek/todo/delivery/controller/projek/projek.go:121.36,125.17 3 1
projek/todo/delivery/controller/projek/projek.go:130.3,133.23 3 1
projek/todo/delivery/controller/projek/projek.go:136.3,136.52 1 1
projek/todo/delivery/controller/projek/projek.go:125.17,129.4 2 1
projek/todo/delivery/controller/projek/projek.go:133.23,135.4 1 1
