mode: set
projek/todo/delivery/controller/task/task.go:23.87,28.2 1 1
projek/todo/delivery/controller/task/task.go:31.53,32.36 1 1
projek/todo/delivery/controller/task/task.go:32.36,34.41 2 1
projek/todo/delivery/controller/task/task.go:39.3,39.49 1 1
projek/todo/delivery/controller/task/task.go:43.3,50.23 4 1
projek/todo/delivery/controller/task/task.go:54.3,54.65 1 1
projek/todo/delivery/controller/task/task.go:34.41,37.4 2 1
projek/todo/delivery/controller/task/task.go:39.49,42.4 2 1
projek/todo/delivery/controller/task/task.go:50.23,53.4 2 1
projek/todo/delivery/controller/task/task.go:58.53,59.36 1 1
projek/todo/delivery/controller/task/task.go:59.36,63.17 3 1
projek/todo/delivery/controller/task/task.go:67.3,67.61 1 1
projek/todo/delivery/controller/task/task.go:63.17,66.4 2 1
projek/todo/delivery/controller/task/task.go:71.52,72.36 1 1
projek/todo/delivery/controller/task/task.go:72.36,76.17 3 1
projek/todo/delivery/controller/task/task.go:80.3,82.17 3 1
projek/todo/delivery/controller/task/task.go:86.3,86.60 1 1
projek/todo/delivery/controller/task/task.go:76.17,79.4 2 1
projek/todo/delivery/controller/task/task.go:82.17,85.4 2 1
projek/todo/delivery/controller/task/task.go:90.53,91.36 1 1
projek/todo/delivery/controller/task/task.go:91.36,94.17 3 1
projek/todo/delivery/controller/task/task.go:98.3,99.41 2 1
projek/todo/delivery/controller/task/task.go:103.3,111.25 4 1
projek/todo/delivery/controller/task/task.go:115.3,115.59 1 1
projek/todo/delivery/controller/task/task.go:94.17,97.4 2 1
projek/todo/delivery/controller/task/task.go:99.41,101.4 1 1
projek/todo/delivery/controller/task/task.go:111.25,114.4 2 1
projek/todo/delivery/controller/task/task.go:118.53,119.36 1 1
projek/todo/delivery/controller/task/task.go:119.36,123.17 3 1
projek/todo/delivery/controller/task/task.go:128.3,131.23 3 1
projek/todo/delivery/controller/task/task.go:134.3,134.52 1 1
projek/todo/delivery/controller/task/task.go:123.17,127.4 2 1
projek/todo/delivery/controller/task/task.go:131.23,133.4 1 1
