mode: set
projek/todo/delivery/controller/user/user.go:22.70,27.2 1 1
projek/todo/delivery/controller/user/user.go:29.57,30.36 1 1
projek/todo/delivery/controller/user/user.go:30.36,33.42 2 1
projek/todo/delivery/controller/user/user.go:38.3,38.51 1 1
projek/todo/delivery/controller/user/user.go:43.3,46.17 3 1
projek/todo/delivery/controller/user/user.go:51.3,54.70 3 1
projek/todo/delivery/controller/user/user.go:33.42,36.4 2 1
projek/todo/delivery/controller/user/user.go:38.51,41.4 2 1
projek/todo/delivery/controller/user/user.go:46.17,49.4 2 1
projek/todo/delivery/controller/user/user.go:58.58,59.36 1 1
projek/todo/delivery/controller/user/user.go:59.36,63.17 3 1
projek/todo/delivery/controller/user/user.go:67.3,68.32 2 1
projek/todo/delivery/controller/user/user.go:72.3,74.17 2 1
projek/todo/delivery/controller/user/user.go:78.3,80.65 2 1
projek/todo/delivery/controller/user/user.go:63.17,66.4 2 1
projek/todo/delivery/controller/user/user.go:68.32,70.4 1 1
projek/todo/delivery/controller/user/user.go:74.17,77.4 2 1
projek/todo/delivery/controller/user/user.go:85.59,86.36 1 1
projek/todo/delivery/controller/user/user.go:86.36,89.41 2 1
projek/todo/delivery/controller/user/user.go:93.3,94.17 2 1
projek/todo/delivery/controller/user/user.go:98.3,100.28 2 1
projek/todo/delivery/controller/user/user.go:103.3,107.17 3 1
projek/todo/delivery/controller/user/user.go:116.3,118.64 2 1
projek/todo/delivery/controller/user/user.go:89.41,91.4 1 1
projek/todo/delivery/controller/user/user.go:94.17,97.4 2 1
projek/todo/delivery/controller/user/user.go:100.28,102.4 1 1
projek/todo/delivery/controller/user/user.go:107.17,110.31 3 1
projek/todo/delivery/controller/user/user.go:113.4,113.77 1 1
projek/todo/delivery/controller/user/user.go:110.31,112.5 1 0
projek/todo/delivery/controller/user/user.go:122.52,123.36 1 1
projek/todo/delivery/controller/user/user.go:123.36,126.40 2 1
projek/todo/delivery/controller/user/user.go:131.3,131.49 1 1
projek/todo/delivery/controller/user/user.go:136.3,138.17 2 1
projek/todo/delivery/controller/user/user.go:143.3,145.22 2 1
projek/todo/delivery/controller/user/user.go:151.3,151.54 1 0
projek/todo/delivery/controller/user/user.go:126.40,129.4 2 1
projek/todo/delivery/controller/user/user.go:131.49,134.4 2 1
projek/todo/delivery/controller/user/user.go:138.17,141.4 2 1
projek/todo/delivery/controller/user/user.go:145.22,149.4 3 1
projek/todo/delivery/controller/user/user.go:155.59,156.36 1 1
projek/todo/delivery/controller/user/user.go:156.36,161.17 3 1
projek/todo/delivery/controller/user/user.go:166.3,168.32 2 1
projek/todo/delivery/controller/user/user.go:172.3,174.18 2 1
projek/todo/delivery/controller/user/user.go:178.3,178.52 1 1
projek/todo/delivery/controller/user/user.go:161.17,164.4 2 1
projek/todo/delivery/controller/user/user.go:168.32,170.4 1 1
projek/todo/delivery/controller/user/user.go:174.18,176.4 1 1
